wallet_app/android/app/build/intermediates/manifest_merge_blame_file/debug/processDebugMainManifest/manifest-merger-blame-debug-report.txt
1<?xml version="1.0" encoding="utf-8"?>
2<manifest xmlns:android="http://schemas.android.com/apk/res/android"
3    package="com.example.walletapp"
4    android:versionCode="1"
5    android:versionName="1.0" >
6
7    <uses-sdk
8        android:minSdkVersion="24"
9        android:targetSdkVersion="34" />
10
11    <uses-permission android:name="android.permission.INTERNET" />
11-->src/main/AndroidManifest.xml:5:5-67
11-->src/main/AndroidManifest.xml:5:22-64
12
13    <permission
13-->[androidx.core:core:1.13.1] AndroidManifest.xml:22:5-24:47
14        android:name="com.example.walletapp.DYNAMIC_RECEIVER_NOT_EXPORTED_PERMISSION"
14-->[androidx.core:core:1.13.1] AndroidManifest.xml:23:9-81
15        android:protectionLevel="signature" />
15-->[androidx.core:core:1.13.1] AndroidManifest.xml:24:9-44
16
17    <uses-permission android:name="com.example.walletapp.DYNAMIC_RECEIVER_NOT_EXPORTED_PERMISSION" />
17-->[androidx.core:core:1.13.1] AndroidManifest.xml:26:5-97
17-->[androidx.core:core:1.13.1] AndroidManifest.xml:26:22-94
18
19    <application
19-->src/main/AndroidManifest.xml:7:5-67:19
20        android:allowBackup="true"
20-->src/main/AndroidManifest.xml:8:9-35
21        android:appComponentFactory="androidx.core.app.CoreComponentFactory"
21-->[androidx.core:core:1.13.1] AndroidManifest.xml:28:18-86
22        android:dataExtractionRules="@xml/data_extraction_rules"
22-->src/main/AndroidManifest.xml:9:9-65
23        android:debuggable="true"
24        android:extractNativeLibs="false"
25        android:fullBackupContent="@xml/backup_rules"
25-->src/main/AndroidManifest.xml:10:9-54
26        android:icon="@mipmap/ic_launcher"
26-->src/main/AndroidManifest.xml:11:9-43
27        android:label="@string/app_name"
27-->src/main/AndroidManifest.xml:12:9-41
28        android:networkSecurityConfig="@xml/network_security_config"
28-->src/main/AndroidManifest.xml:16:9-69
29        android:roundIcon="@mipmap/ic_launcher_round"
29-->src/main/AndroidManifest.xml:13:9-54
30        android:supportsRtl="true"
30-->src/main/AndroidManifest.xml:14:9-35
31        android:testOnly="true"
32        android:theme="@style/Theme.Walletapp" >
32-->src/main/AndroidManifest.xml:15:9-47
33        <activity
33-->src/main/AndroidManifest.xml:18:9-27:20
34            android:name="com.example.walletapp.ui.MainActivity"
34-->src/main/AndroidManifest.xml:19:13-44
35            android:exported="true"
35-->src/main/AndroidManifest.xml:21:13-36
36            android:theme="@style/Theme.Walletapp" >
36-->src/main/AndroidManifest.xml:20:13-51
37            <intent-filter>
37-->src/main/AndroidManifest.xml:22:13-26:29
38                <action android:name="android.intent.action.MAIN" />
38-->src/main/AndroidManifest.xml:23:17-69
38-->src/main/AndroidManifest.xml:23:25-66
39
40                <category android:name="android.intent.category.LAUNCHER" />
40-->src/main/AndroidManifest.xml:25:17-77
40-->src/main/AndroidManifest.xml:25:27-74
41            </intent-filter>
42        </activity>
43        <activity
43-->src/main/AndroidManifest.xml:28:9-31:53
44            android:name="com.example.walletapp.ui.transfer.SendActivity"
44-->src/main/AndroidManifest.xml:29:13-53
45            android:exported="true"
45-->src/main/AndroidManifest.xml:30:13-36
46            android:theme="@style/Theme.Walletapp" />
46-->src/main/AndroidManifest.xml:31:13-51
47        <activity
47-->src/main/AndroidManifest.xml:32:9-35:53
48            android:name="com.example.walletapp.ui.transfer.ReceiverActivity"
48-->src/main/AndroidManifest.xml:33:13-57
49            android:exported="true"
49-->src/main/AndroidManifest.xml:34:13-36
50            android:theme="@style/Theme.Walletapp" />
50-->src/main/AndroidManifest.xml:35:13-51
51        <activity
51-->src/main/AndroidManifest.xml:36:9-38:53
52            android:name="com.example.walletapp.ui.account.AddTokenActivity"
52-->src/main/AndroidManifest.xml:36:19-62
53            android:exported="true"
53-->src/main/AndroidManifest.xml:37:13-36
54            android:theme="@style/Theme.Walletapp" />
54-->src/main/AndroidManifest.xml:38:13-51
55        <activity
55-->src/main/AndroidManifest.xml:40:9-42:53
56            android:name="com.example.walletapp.AccountBalanceActivity"
56-->src/main/AndroidManifest.xml:40:19-57
57            android:exported="true"
57-->src/main/AndroidManifest.xml:41:13-36
58            android:theme="@style/Theme.Walletapp" />
58-->src/main/AndroidManifest.xml:42:13-51
59        <activity
59-->src/main/AndroidManifest.xml:44:9-46:53
60            android:name="com.example.walletapp.AccountPasswordActivity"
60-->src/main/AndroidManifest.xml:44:19-58
61            android:exported="true"
61-->src/main/AndroidManifest.xml:45:13-36
62            android:theme="@style/Theme.Walletapp" />
62-->src/main/AndroidManifest.xml:46:13-51
63        <activity
63-->src/main/AndroidManifest.xml:48:9-50:53
64            android:name="com.example.walletapp.RecoveryPhraseActivity"
64-->src/main/AndroidManifest.xml:48:19-57
65            android:exported="true"
65-->src/main/AndroidManifest.xml:49:13-36
66            android:theme="@style/Theme.Walletapp" />
66-->src/main/AndroidManifest.xml:50:13-51
67        <activity
67-->src/main/AndroidManifest.xml:52:9-54:53
68            android:name="com.example.walletapp.ui.activity.AccountInfoActivity"
68-->src/main/AndroidManifest.xml:52:19-66
69            android:exported="true"
69-->src/main/AndroidManifest.xml:53:13-36
70            android:theme="@style/Theme.Walletapp" />
70-->src/main/AndroidManifest.xml:54:13-51
71        <activity
71-->src/main/AndroidManifest.xml:57:9-59:53
72            android:name="com.example.walletapp.ui.onboarding.CreatePinActivity"
72-->src/main/AndroidManifest.xml:57:19-66
73            android:exported="true"
73-->src/main/AndroidManifest.xml:58:13-36
74            android:theme="@style/Theme.Walletapp" />
74-->src/main/AndroidManifest.xml:59:13-51
75        <activity
75-->src/main/AndroidManifest.xml:62:9-64:53
76            android:name="com.example.walletapp.ui.account.WalletActivity"
76-->src/main/AndroidManifest.xml:62:19-60
77            android:exported="true"
77-->src/main/AndroidManifest.xml:63:13-36
78            android:theme="@style/Theme.Walletapp" />
78-->src/main/AndroidManifest.xml:64:13-51
79
80        <meta-data
80-->[com.google.android.gms:play-services-basement:18.1.0] AndroidManifest.xml:21:9-23:69
81            android:name="com.google.android.gms.version"
81-->[com.google.android.gms:play-services-basement:18.1.0] AndroidManifest.xml:22:13-58
82            android:value="@integer/google_play_services_version" />
82-->[com.google.android.gms:play-services-basement:18.1.0] AndroidManifest.xml:23:13-66
83
84        <activity
84-->[androidx.compose.ui:ui-tooling-android:1.7.2] AndroidManifest.xml:23:9-25:39
85            android:name="androidx.compose.ui.tooling.PreviewActivity"
85-->[androidx.compose.ui:ui-tooling-android:1.7.2] AndroidManifest.xml:24:13-71
86            android:exported="true" />
86-->[androidx.compose.ui:ui-tooling-android:1.7.2] AndroidManifest.xml:25:13-36
87
88        <provider
88-->[androidx.emoji2:emoji2:1.3.0] AndroidManifest.xml:24:9-32:20
89            android:name="androidx.startup.InitializationProvider"
89-->[androidx.emoji2:emoji2:1.3.0] AndroidManifest.xml:25:13-67
90            android:authorities="com.example.walletapp.androidx-startup"
90-->[androidx.emoji2:emoji2:1.3.0] AndroidManifest.xml:26:13-68
91            android:exported="false" >
91-->[androidx.emoji2:emoji2:1.3.0] AndroidManifest.xml:27:13-37
92            <meta-data
92-->[androidx.emoji2:emoji2:1.3.0] AndroidManifest.xml:29:13-31:52
93                android:name="androidx.emoji2.text.EmojiCompatInitializer"
93-->[androidx.emoji2:emoji2:1.3.0] AndroidManifest.xml:30:17-75
94                android:value="androidx.startup" />
94-->[androidx.emoji2:emoji2:1.3.0] AndroidManifest.xml:31:17-49
95            <meta-data
95-->[androidx.lifecycle:lifecycle-process:2.8.6] AndroidManifest.xml:29:13-31:52
96                android:name="androidx.lifecycle.ProcessLifecycleInitializer"
96-->[androidx.lifecycle:lifecycle-process:2.8.6] AndroidManifest.xml:30:17-78
97                android:value="androidx.startup" />
97-->[androidx.lifecycle:lifecycle-process:2.8.6] AndroidManifest.xml:31:17-49
98            <meta-data
98-->[androidx.profileinstaller:profileinstaller:1.3.1] AndroidManifest.xml:29:13-31:52
99                android:name="androidx.profileinstaller.ProfileInstallerInitializer"
99-->[androidx.profileinstaller:profileinstaller:1.3.1] AndroidManifest.xml:30:17-85
100                android:value="androidx.startup" />
100-->[androidx.profileinstaller:profileinstaller:1.3.1] AndroidManifest.xml:31:17-49
101        </provider>
102
103        <uses-library
103-->[androidx.window:window:1.0.0] AndroidManifest.xml:25:9-27:40
104            android:name="androidx.window.extensions"
104-->[androidx.window:window:1.0.0] AndroidManifest.xml:26:13-54
105            android:required="false" />
105-->[androidx.window:window:1.0.0] AndroidManifest.xml:27:13-37
106        <uses-library
106-->[androidx.window:window:1.0.0] AndroidManifest.xml:28:9-30:40
107            android:name="androidx.window.sidecar"
107-->[androidx.window:window:1.0.0] AndroidManifest.xml:29:13-51
108            android:required="false" />
108-->[androidx.window:window:1.0.0] AndroidManifest.xml:30:13-37
109
110        <receiver
110-->[androidx.profileinstaller:profileinstaller:1.3.1] AndroidManifest.xml:34:9-52:20
111            android:name="androidx.profileinstaller.ProfileInstallReceiver"
111-->[androidx.profileinstaller:profileinstaller:1.3.1] AndroidManifest.xml:35:13-76
112            android:directBootAware="false"
112-->[androidx.profileinstaller:profileinstaller:1.3.1] AndroidManifest.xml:36:13-44
113            android:enabled="true"
113-->[androidx.profileinstaller:profileinstaller:1.3.1] AndroidManifest.xml:37:13-35
114            android:exported="true"
114-->[androidx.profileinstaller:profileinstaller:1.3.1] AndroidManifest.xml:38:13-36
115            android:permission="android.permission.DUMP" >
115-->[androidx.profileinstaller:profileinstaller:1.3.1] AndroidManifest.xml:39:13-57
116            <intent-filter>
116-->[androidx.profileinstaller:profileinstaller:1.3.1] AndroidManifest.xml:40:13-42:29
117                <action android:name="androidx.profileinstaller.action.INSTALL_PROFILE" />
117-->[androidx.profileinstaller:profileinstaller:1.3.1] AndroidManifest.xml:41:17-91
117-->[androidx.profileinstaller:profileinstaller:1.3.1] AndroidManifest.xml:41:25-88
118            </intent-filter>
119            <intent-filter>
119-->[androidx.profileinstaller:profileinstaller:1.3.1] AndroidManifest.xml:43:13-45:29
120                <action android:name="androidx.profileinstaller.action.SKIP_FILE" />
120-->[androidx.profileinstaller:profileinstaller:1.3.1] AndroidManifest.xml:44:17-85
120-->[androidx.profileinstaller:profileinstaller:1.3.1] AndroidManifest.xml:44:25-82
121            </intent-filter>
122            <intent-filter>
122-->[androidx.profileinstaller:profileinstaller:1.3.1] AndroidManifest.xml:46:13-48:29
123                <action android:name="androidx.profileinstaller.action.SAVE_PROFILE" />
123-->[androidx.profileinstaller:profileinstaller:1.3.1] AndroidManifest.xml:47:17-88
123-->[androidx.profileinstaller:profileinstaller:1.3.1] AndroidManifest.xml:47:25-85
124            </intent-filter>
125            <intent-filter>
125-->[androidx.profileinstaller:profileinstaller:1.3.1] AndroidManifest.xml:49:13-51:29
126                <action android:name="androidx.profileinstaller.action.BENCHMARK_OPERATION" />
126-->[androidx.profileinstaller:profileinstaller:1.3.1] AndroidManifest.xml:50:17-95
126-->[androidx.profileinstaller:profileinstaller:1.3.1] AndroidManifest.xml:50:25-92
127            </intent-filter>
128        </receiver> <!-- The activities will be merged into the manifest of the hosting app. -->
129        <activity
129-->[com.google.android.play:core-common:2.0.3] AndroidManifest.xml:14:9-18:65
130            android:name="com.google.android.play.core.common.PlayCoreDialogWrapperActivity"
130-->[com.google.android.play:core-common:2.0.3] AndroidManifest.xml:15:13-93
131            android:exported="false"
131-->[com.google.android.play:core-common:2.0.3] AndroidManifest.xml:16:13-37
132            android:stateNotNeeded="true"
132-->[com.google.android.play:core-common:2.0.3] AndroidManifest.xml:17:13-42
133            android:theme="@style/Theme.PlayCore.Transparent" />
133-->[com.google.android.play:core-common:2.0.3] AndroidManifest.xml:18:13-62
134    </application>
135
136</manifest>